0 info it worked if it ends with ok
1 verbose cli [ '/usr/local/Cellar/node/5.10.0/bin/node',
1 verbose cli   '/usr/local/bin/npm',
1 verbose cli   'install',
1 verbose cli   'gridster' ]
2 info using npm@3.8.3
3 info using node@v5.10.0
4 silly loadCurrentTree Starting
5 silly install loadCurrentTree
6 silly install readLocalPackageData
7 silly fetchPackageMetaData gridster
8 silly fetchNamedPackageData gridster
9 silly mapToRegistry name gridster
10 silly mapToRegistry using default registry
11 silly mapToRegistry registry https://registry.npmjs.org/
12 silly mapToRegistry data Result {
12 silly mapToRegistry   raw: 'gridster',
12 silly mapToRegistry   scope: null,
12 silly mapToRegistry   name: 'gridster',
12 silly mapToRegistry   rawSpec: '',
12 silly mapToRegistry   spec: 'latest',
12 silly mapToRegistry   type: 'tag' }
13 silly mapToRegistry uri https://registry.npmjs.org/gridster
14 verbose request uri https://registry.npmjs.org/gridster
15 verbose request no auth needed
16 info attempt registry request try #1 at 2:32:49 PM
17 verbose request id 6b74d7c78c55dbdd
18 verbose etag "4DUSK1IITN4YATT62DOKAKHWS"
19 http request GET https://registry.npmjs.org/gridster
20 http 304 https://registry.npmjs.org/gridster
21 verbose headers { date: 'Mon, 02 May 2016 18:32:33 GMT',
21 verbose headers   via: '1.1 varnish',
21 verbose headers   'cache-control': 'max-age=300',
21 verbose headers   etag: '"4DUSK1IITN4YATT62DOKAKHWS"',
21 verbose headers   age: '0',
21 verbose headers   connection: 'keep-alive',
21 verbose headers   'x-served-by': 'cache-atl6233-ATL',
21 verbose headers   'x-cache': 'HIT',
21 verbose headers   'x-cache-hits': '1',
21 verbose headers   'x-timer': 'S1462213953.631919,VS0,VE31',
21 verbose headers   vary: 'Accept-Encoding' }
22 silly get cb [ 304,
22 silly get   { date: 'Mon, 02 May 2016 18:32:33 GMT',
22 silly get     via: '1.1 varnish',
22 silly get     'cache-control': 'max-age=300',
22 silly get     etag: '"4DUSK1IITN4YATT62DOKAKHWS"',
22 silly get     age: '0',
22 silly get     connection: 'keep-alive',
22 silly get     'x-served-by': 'cache-atl6233-ATL',
22 silly get     'x-cache': 'HIT',
22 silly get     'x-cache-hits': '1',
22 silly get     'x-timer': 'S1462213953.631919,VS0,VE31',
22 silly get     vary: 'Accept-Encoding' } ]
23 verbose etag https://registry.npmjs.org/gridster from cache
24 verbose get saving gridster to /Users/evanmilligen/.npm/registry.npmjs.org/gridster/.cache.json
25 verbose correctMkdir /Users/evanmilligen/.npm correctMkdir not in flight; initializing
26 silly install normalizeTree
27 silly loadCurrentTree Finishing
28 silly loadIdealTree Starting
29 silly install loadIdealTree
30 silly cloneCurrentTree Starting
31 silly install cloneCurrentTreeToIdealTree
32 silly cloneCurrentTree Finishing
33 silly loadShrinkwrap Starting
34 silly install loadShrinkwrap
35 silly loadShrinkwrap Finishing
36 silly loadAllDepsIntoIdealTree Starting
37 silly install loadAllDepsIntoIdealTree
38 silly resolveWithNewModule gridster@0.5.6 checking installable status
39 silly cache add args [ 'gridster', null ]
40 verbose cache add spec gridster
41 silly cache add parsed spec Result {
41 silly cache add   raw: 'gridster',
41 silly cache add   scope: null,
41 silly cache add   name: 'gridster',
41 silly cache add   rawSpec: '',
41 silly cache add   spec: 'latest',
41 silly cache add   type: 'tag' }
42 silly addNamed gridster@latest
43 verbose addNamed "latest" is being treated as a dist-tag for gridster
44 info addNameTag [ 'gridster', 'latest' ]
45 silly mapToRegistry name gridster
46 silly mapToRegistry using default registry
47 silly mapToRegistry registry https://registry.npmjs.org/
48 silly mapToRegistry data Result {
48 silly mapToRegistry   raw: 'gridster',
48 silly mapToRegistry   scope: null,
48 silly mapToRegistry   name: 'gridster',
48 silly mapToRegistry   rawSpec: '',
48 silly mapToRegistry   spec: 'latest',
48 silly mapToRegistry   type: 'tag' }
49 silly mapToRegistry uri https://registry.npmjs.org/gridster
50 verbose addNameTag registry:https://registry.npmjs.org/gridster not in flight; fetching
51 verbose get https://registry.npmjs.org/gridster not expired, no request
52 silly addNameTag next cb for gridster with tag latest
53 silly addNamed gridster@0.5.6
54 verbose addNamed "0.5.6" is a plain semver version for gridster
55 silly cache afterAdd gridster@0.5.6
56 verbose afterAdd /Users/evanmilligen/.npm/gridster/0.5.6/package/package.json not in flight; writing
57 verbose correctMkdir /Users/evanmilligen/.npm correctMkdir not in flight; initializing
58 verbose afterAdd /Users/evanmilligen/.npm/gridster/0.5.6/package/package.json written
59 silly fetchOtherPackageData jquery@git+https://github.com/jquery/jquery.git#2.0.3
60 silly cache add args [ 'jquery@git+https://github.com/jquery/jquery.git#2.0.3',
60 silly cache add   null ]
61 verbose cache add spec jquery@git+https://github.com/jquery/jquery.git#2.0.3
62 silly cache add parsed spec Result {
62 silly cache add   raw: 'jquery@git+https://github.com/jquery/jquery.git#2.0.3',
62 silly cache add   scope: null,
62 silly cache add   name: 'jquery',
62 silly cache add   rawSpec: 'git+https://github.com/jquery/jquery.git#2.0.3',
62 silly cache add   spec: 'git+https://github.com/jquery/jquery.git#2.0.3',
62 silly cache add   type: 'hosted',
62 silly cache add   hosted:
62 silly cache add    { type: 'github',
62 silly cache add      ssh: 'git@github.com:jquery/jquery.git#2.0.3',
62 silly cache add      sshUrl: 'git+ssh://git@github.com/jquery/jquery.git#2.0.3',
62 silly cache add      httpsUrl: 'git+https://github.com/jquery/jquery.git#2.0.3',
62 silly cache add      gitUrl: 'git://github.com/jquery/jquery.git#2.0.3',
62 silly cache add      shortcut: 'github:jquery/jquery#2.0.3',
62 silly cache add      directUrl: 'https://raw.githubusercontent.com/jquery/jquery/2.0.3/package.json' } }
63 verbose addRemoteGit caching git+https://github.com/jquery/jquery.git#2.0.3
64 verbose addRemoteGit git+https://github.com/jquery/jquery.git#2.0.3 is a repository hosted by github
65 silly tryClone cloning git+https://github.com/jquery/jquery.git#2.0.3 via git+https://github.com/jquery/jquery.git#2.0.3
66 verbose tryClone git-https-github-com-jquery-jquery-git-2-0-3-73adec7e not in flight; caching
67 verbose correctMkdir /Users/evanmilligen/.npm/_git-remotes correctMkdir not in flight; initializing
68 info git [ 'config', '--get', 'remote.origin.url' ]
69 silly validateExistingRemote git+https://github.com/jquery/jquery.git#2.0.3 remote.origin.url: https://github.com/jquery/jquery.git
70 verbose validateExistingRemote git+https://github.com/jquery/jquery.git#2.0.3 is updating existing cached remote /Users/evanmilligen/.npm/_git-remotes/git-https-github-com-jquery-jquery-git-2-0-3-73adec7e
71 info git [ 'fetch', '-a', 'origin' ]
72 verbose updateRemote git fetch -a origin (https://github.com/jquery/jquery.git)
73 verbose correctMkdir /Users/evanmilligen/.npm/_git-remotes correctMkdir not in flight; initializing
74 verbose setPermissions git+https://github.com/jquery/jquery.git#2.0.3 set permissions on /Users/evanmilligen/.npm/_git-remotes/git-https-github-com-jquery-jquery-git-2-0-3-73adec7e
75 verbose resolveHead git+https://github.com/jquery/jquery.git#2.0.3 original treeish: 2.0.3
76 info git [ 'rev-list', '-n1', '2.0.3' ]
77 silly resolveHead git+https://github.com/jquery/jquery.git#2.0.3 resolved treeish: f852e631ba85af7da4ad7594785e122504e7b233
78 verbose resolveHead git+https://github.com/jquery/jquery.git#2.0.3 resolved Git URL: git+https://github.com/jquery/jquery.git#f852e631ba85af7da4ad7594785e122504e7b233
79 silly resolveHead Git working directory: /var/folders/jz/qvgn8_l1797g1kvtwpzffycr0000gn/T/npm-12792-7dcb5c72/git-cache-eb6397d5/f852e631ba85af7da4ad7594785e122504e7b233
80 info git [ 'clone',
80 info git   '/Users/evanmilligen/.npm/_git-remotes/git-https-github-com-jquery-jquery-git-2-0-3-73adec7e',
80 info git   '/var/folders/jz/qvgn8_l1797g1kvtwpzffycr0000gn/T/npm-12792-7dcb5c72/git-cache-eb6397d5/f852e631ba85af7da4ad7594785e122504e7b233' ]
81 verbose cloneResolved git+https://github.com/jquery/jquery.git#2.0.3 clone Cloning into '/var/folders/jz/qvgn8_l1797g1kvtwpzffycr0000gn/T/npm-12792-7dcb5c72/git-cache-eb6397d5/f852e631ba85af7da4ad7594785e122504e7b233'...
81 verbose cloneResolved done.
82 info git [ 'checkout', 'f852e631ba85af7da4ad7594785e122504e7b233' ]
83 verbose checkoutTreeish git+https://github.com/jquery/jquery.git#2.0.3 checkout Note: checking out 'f852e631ba85af7da4ad7594785e122504e7b233'.
83 verbose checkoutTreeish
83 verbose checkoutTreeish You are in 'detached HEAD' state. You can look around, make experimental
83 verbose checkoutTreeish changes and commit them, and you can discard any commits you make in this
83 verbose checkoutTreeish state without impacting any branches by performing another checkout.
83 verbose checkoutTreeish
83 verbose checkoutTreeish If you want to create a new branch to retain commits you create, you may
83 verbose checkoutTreeish do so (now or later) by using -b with the checkout command again. Example:
83 verbose checkoutTreeish
83 verbose checkoutTreeish   git checkout -b <new-branch-name>
83 verbose checkoutTreeish
83 verbose checkoutTreeish HEAD is now at f852e63... Include distribution in release tag
84 info git [ 'submodule', '-q', 'update', '--init', '--recursive' ]
85 error git submodule -q update --init --recursive: fatal: unable to connect to github.com:
85 error git submodule -q update --init --recursive: github.com[0: 192.30.252.120]: errno=Operation timed out
85 error git submodule -q update --init --recursive:
85 error git submodule -q update --init --recursive: Clone of 'git://github.com/jquery/sizzle.git' into submodule path 'src/sizzle' failed
86 silly fetchPackageMetaData Error: Command failed: git submodule -q update --init --recursive
86 silly fetchPackageMetaData fatal: unable to connect to github.com:
86 silly fetchPackageMetaData github.com[0: 192.30.252.120]: errno=Operation timed out
86 silly fetchPackageMetaData
86 silly fetchPackageMetaData Clone of 'git://github.com/jquery/sizzle.git' into submodule path 'src/sizzle' failed
86 silly fetchPackageMetaData
86 silly fetchPackageMetaData     at ChildProcess.exithandler (child_process.js:202:12)
86 silly fetchPackageMetaData     at emitTwo (events.js:100:13)
86 silly fetchPackageMetaData     at ChildProcess.emit (events.js:185:7)
86 silly fetchPackageMetaData     at maybeClose (internal/child_process.js:850:16)
86 silly fetchPackageMetaData     at Process.ChildProcess._handle.onexit (internal/child_process.js:215:5)
86 silly fetchPackageMetaData  error for jquery@git+https://github.com/jquery/jquery.git#2.0.3 { [Error: Command failed: git submodule -q update --init --recursive
86 silly fetchPackageMetaData fatal: unable to connect to github.com:
86 silly fetchPackageMetaData github.com[0: 192.30.252.120]: errno=Operation timed out
86 silly fetchPackageMetaData
86 silly fetchPackageMetaData Clone of 'git://github.com/jquery/sizzle.git' into submodule path 'src/sizzle' failed
86 silly fetchPackageMetaData ]
86 silly fetchPackageMetaData   killed: false,
86 silly fetchPackageMetaData   code: 1,
86 silly fetchPackageMetaData   signal: null,
86 silly fetchPackageMetaData   cmd: 'git submodule -q update --init --recursive' }
87 silly rollbackFailedOptional Starting
88 silly rollbackFailedOptional Finishing
89 silly runTopLevelLifecycles Starting
90 silly runTopLevelLifecycles Finishing
91 silly install printInstalled
92 verbose stack Error: Command failed: git submodule -q update --init --recursive
92 verbose stack fatal: unable to connect to github.com:
92 verbose stack github.com[0: 192.30.252.120]: errno=Operation timed out
92 verbose stack
92 verbose stack Clone of 'git://github.com/jquery/sizzle.git' into submodule path 'src/sizzle' failed
92 verbose stack
92 verbose stack     at ChildProcess.exithandler (child_process.js:202:12)
92 verbose stack     at emitTwo (events.js:100:13)
92 verbose stack     at ChildProcess.emit (events.js:185:7)
92 verbose stack     at maybeClose (internal/child_process.js:850:16)
92 verbose stack     at Process.ChildProcess._handle.onexit (internal/child_process.js:215:5)
93 verbose cwd /Users/evanmilligen/Desktop/Comp20/Group Project/comp20-s2016-team20
94 error Darwin 14.5.0
95 error argv "/usr/local/Cellar/node/5.10.0/bin/node" "/usr/local/bin/npm" "install" "gridster"
96 error node v5.10.0
97 error npm  v3.8.3
98 error code 1
99 error Command failed: git submodule -q update --init --recursive
99 error fatal: unable to connect to github.com:
99 error github.com[0: 192.30.252.120]: errno=Operation timed out
99 error
99 error Clone of 'git://github.com/jquery/sizzle.git' into submodule path 'src/sizzle' failed
100 error If you need help, you may report this error at:
100 error     <https://github.com/npm/npm/issues>
101 verbose exit [ 1, true ]
